<?xml version="1.0" encoding="UTF-8"?>
<!-- Generated by org.testng.reporters.JUnitReportReporter -->
<testsuite hostname="arju" failures="0" tests="4" name="runner.TestRunner" time="116.996" errors="0" timestamp="2025-08-21T09:21:20 IST" skipped="0">
  <testcase classname="runner.TestRunner" name="runScenario" time="91.094"/>
  <testcase classname="runner.TestRunner" name="runScenario" time="8.718"/>
  <testcase classname="runner.TestRunner" name="runScenario" time="8.721"/>
  <testcase classname="runner.TestRunner" name="runScenario" time="8.463"/>
</testsuite> <!-- runner.TestRunner -->
